[2025-11-11 14:49:37] =========================================
[2025-11-11 14:49:37] INICIANDO MIGRAÇÃO INTUNE → JAMF
[2025-11-11 14:49:37] =========================================
[2025-11-11 14:49:37] Passo 1/5: Validando ambiente...
[2025-11-11 14:49:37] ✗ Falha na validação
[2025-11-11 14:50:49] =========================================
[2025-11-11 14:50:49] INICIANDO MIGRAÇÃO INTUNE → JAMF
[2025-11-11 14:50:49] =========================================
[2025-11-11 14:50:49] Passo 1/5: Validando ambiente...
[2025-11-11 14:50:49] =========================================
[2025-11-11 14:50:49] VALIDAÇÃO PRÉ-MIGRAÇÃO
[2025-11-11 14:50:49] =========================================
[2025-11-11 14:50:49] 1. Verificando permissões...
[2025-11-11 14:50:49] ✓ Script executando como root
[2025-11-11 14:50:49] 2. Verificando versão do macOS...
[2025-11-11 14:50:49]    Versão do macOS: 14.8.1
[2025-11-11 14:50:49] ✓ Versão do macOS compatível
[2025-11-11 14:50:49] 3. Verificando enrollment no Intune...
[2025-11-11 14:50:49] ✗ ERRO: Agente do Intune não encontrado. Mac não está gerenciado pelo Intune?
[2025-11-11 14:50:49] ✗ Falha na validação
[2025-11-11 15:02:41] =========================================
[2025-11-11 15:02:41] INICIANDO MIGRAÇÃO INTUNE → JAMF
[2025-11-11 15:02:41] =========================================
[2025-11-11 15:02:41] Passo 1/5: Validando ambiente...
[2025-11-11 15:02:41] =========================================
[2025-11-11 15:02:41] ASSISTENTE DE MIGRAÇÃO GLOBO
[2025-11-11 15:02:41] Intune → Jamf Pro
[2025-11-11 15:02:41] =========================================
[2025-11-11 15:02:41] 
[2025-11-11 15:02:41] Passo 1/5: Validando estado do Mac...
[2025-11-11 15:02:41] =========================================
[2025-11-11 15:02:41] ASSISTENTE DE MIGRAÇÃO GLOBO
[2025-11-11 15:02:41] Intune → Jamf Pro
[2025-11-11 15:02:41] =========================================
[2025-11-11 15:02:41] 
[2025-11-11 15:02:41] Passo 1/5: Validando estado do Mac...
[2025-11-11 15:02:41] =========================================
[2025-11-11 15:02:41] ASSISTENTE DE MIGRAÇÃO GLOBO
[2025-11-11 15:02:41] Intune → Jamf Pro
[2025-11-11 15:02:41] =========================================
[2025-11-11 15:02:41] 
[2025-11-11 15:02:41] Passo 1/5: Validando estado do Mac...
[2025-11-11 15:02:41] =========================================
[2025-11-11 15:02:41] ASSISTENTE DE MIGRAÇÃO GLOBO
[2025-11-11 15:02:41] Intune → Jamf Pro
[2025-11-11 15:02:41] =========================================
[2025-11-11 15:02:41] 
[2025-11-11 15:02:41] Passo 1/5: Validando estado do Mac...
[2025-11-11 15:02:41] =========================================
[2025-11-11 15:02:41] ASSISTENTE DE MIGRAÇÃO GLOBO
[2025-11-11 15:02:41] Intune → Jamf Pro
[2025-11-11 15:02:41] =========================================
[2025-11-11 15:02:41] 
[2025-11-11 15:02:41] Passo 1/5: Validando estado do Mac...
[2025-11-11 15:02:41] =========================================
[2025-11-11 15:02:41] ASSISTENTE DE MIGRAÇÃO GLOBO
[2025-11-11 15:02:41] Intune → Jamf Pro
[2025-11-11 15:02:41] =========================================
[2025-11-11 15:02:41] 
[2025-11-11 15:02:41] Passo 1/5: Validando estado do Mac...
[2025-11-11 15:02:41] =========================================
[2025-11-11 15:02:41] ASSISTENTE DE MIGRAÇÃO GLOBO
[2025-11-11 15:02:41] Intune → Jamf Pro
[2025-11-11 15:02:41] =========================================
[2025-11-11 15:02:41] 
[2025-11-11 15:02:41] Passo 1/5: Validando estado do Mac...
[2025-11-11 15:02:41] =========================================
[2025-11-11 15:02:41] ASSISTENTE DE MIGRAÇÃO GLOBO
[2025-11-11 15:02:41] Intune → Jamf Pro
[2025-11-11 15:02:41] =========================================
[2025-11-11 15:02:41] 
[2025-11-11 15:02:41] Passo 1/5: Validando estado do Mac...
[2025-11-11 15:02:41] =========================================
[2025-11-11 15:02:41] ASSISTENTE DE MIGRAÇÃO GLOBO
[2025-11-11 15:02:41] Intune → Jamf Pro
[2025-11-11 15:02:41] =========================================
[2025-11-11 15:02:41] 
[2025-11-11 15:02:41] Passo 1/5: Validando estado do Mac...
[2025-11-11 15:02:41] =========================================
[2025-11-11 15:02:41] ASSISTENTE DE MIGRAÇÃO GLOBO
[2025-11-11 15:02:41] Intune → Jamf Pro
[2025-11-11 15:02:41] =========================================
[2025-11-11 15:02:41] 
[2025-11-11 15:02:41] Passo 1/5: Validando estado do Mac...
[2025-11-11 15:02:41] =========================================
[2025-11-11 15:02:41] ASSISTENTE DE MIGRAÇÃO GLOBO
[2025-11-11 15:02:41] Intune → Jamf Pro
[2025-11-11 15:02:41] =========================================
[2025-11-11 15:02:41] 
[2025-11-11 15:02:41] Passo 1/5: Validando estado do Mac...
[2025-11-11 15:02:41] =========================================
[2025-11-11 15:02:41] ASSISTENTE DE MIGRAÇÃO GLOBO
[2025-11-11 15:02:41] Intune → Jamf Pro
[2025-11-11 15:02:41] =========================================
[2025-11-11 15:02:41] 
[2025-11-11 15:02:41] Passo 1/5: Validando estado do Mac...
[2025-11-11 15:02:41] =========================================
[2025-11-11 15:02:41] ASSISTENTE DE MIGRAÇÃO GLOBO
[2025-11-11 15:02:41] Intune → Jamf Pro
[2025-11-11 15:02:41] =========================================
[2025-11-11 15:02:41] 
[2025-11-11 15:02:41] Passo 1/5: Validando estado do Mac...
[2025-11-11 15:02:41] =========================================
[2025-11-11 15:02:41] ASSISTENTE DE MIGRAÇÃO GLOBO
[2025-11-11 15:02:41] Intune → Jamf Pro
[2025-11-11 15:02:41] =========================================
[2025-11-11 15:02:41] 
[2025-11-11 15:02:41] Passo 1/5: Validando estado do Mac...
[2025-11-11 15:02:41] =========================================
[2025-11-11 15:02:41] ASSISTENTE DE MIGRAÇÃO GLOBO
[2025-11-11 15:02:41] Intune → Jamf Pro
[2025-11-11 15:02:41] =========================================
[2025-11-11 15:02:41] 
[2025-11-11 15:02:41] Passo 1/5: Validando estado do Mac...
[2025-11-11 15:02:41] =========================================
[2025-11-11 15:02:41] ASSISTENTE DE MIGRAÇÃO GLOBO
[2025-11-11 15:02:41] Intune → Jamf Pro
[2025-11-11 15:02:41] =========================================
[2025-11-11 15:02:41] 
[2025-11-11 15:02:41] Passo 1/5: Validando estado do Mac...
[2025-11-11 15:02:41] =========================================
[2025-11-11 15:02:41] ASSISTENTE DE MIGRAÇÃO GLOBO
[2025-11-11 15:02:41] Intune → Jamf Pro
[2025-11-11 15:02:41] =========================================
[2025-11-11 15:02:41] 
[2025-11-11 15:02:41] Passo 1/5: Validando estado do Mac...
[2025-11-11 15:02:41] =========================================
[2025-11-11 15:02:41] ASSISTENTE DE MIGRAÇÃO GLOBO
[2025-11-11 15:02:41] Intune → Jamf Pro
[2025-11-11 15:02:41] =========================================
[2025-11-11 15:02:41] 
[2025-11-11 15:02:41] Passo 1/5: Validando estado do Mac...
[2025-11-11 15:02:41] =========================================
[2025-11-11 15:02:41] ASSISTENTE DE MIGRAÇÃO GLOBO
[2025-11-11 15:02:41] Intune → Jamf Pro
[2025-11-11 15:02:41] =========================================
[2025-11-11 15:02:41] 
[2025-11-11 15:02:41] Passo 1/5: Validando estado do Mac...
[2025-11-11 15:02:41] =========================================
[2025-11-11 15:02:41] ASSISTENTE DE MIGRAÇÃO GLOBO
[2025-11-11 15:02:41] Intune → Jamf Pro
[2025-11-11 15:02:41] =========================================
[2025-11-11 15:02:41] 
[2025-11-11 15:02:41] Passo 1/5: Validando estado do Mac...
[2025-11-11 15:02:41] =========================================
[2025-11-11 15:02:41] ASSISTENTE DE MIGRAÇÃO GLOBO
[2025-11-11 15:02:41] Intune → Jamf Pro
[2025-11-11 15:02:41] =========================================
[2025-11-11 15:02:41] 
[2025-11-11 15:02:41] Passo 1/5: Validando estado do Mac...
[2025-11-11 15:02:41] =========================================
[2025-11-11 15:02:41] ASSISTENTE DE MIGRAÇÃO GLOBO
[2025-11-11 15:02:42] Intune → Jamf Pro
[2025-11-11 15:02:42] =========================================
[2025-11-11 15:02:42] 
[2025-11-11 15:02:42] Passo 1/5: Validando estado do Mac...
[2025-11-11 15:02:42] =========================================
[2025-11-11 15:02:42] ASSISTENTE DE MIGRAÇÃO GLOBO
[2025-11-11 15:02:42] Intune → Jamf Pro
[2025-11-11 15:02:42] =========================================
[2025-11-11 15:02:42] 
[2025-11-11 15:02:42] Passo 1/5: Validando estado do Mac...
[2025-11-11 15:02:42] =========================================
[2025-11-11 15:02:42] ASSISTENTE DE MIGRAÇÃO GLOBO
[2025-11-11 15:02:42] Intune → Jamf Pro
[2025-11-11 15:02:42] =========================================
[2025-11-11 15:02:42] 
[2025-11-11 15:02:42] Passo 1/5: Validando estado do Mac...
[2025-11-11 15:02:42] =========================================
[2025-11-11 15:02:42] ASSISTENTE DE MIGRAÇÃO GLOBO
[2025-11-11 15:02:42] Intune → Jamf Pro
[2025-11-11 15:02:42] =========================================
[2025-11-11 15:02:42] 
[2025-11-11 15:02:42] Passo 1/5: Validando estado do Mac...
[2025-11-11 15:02:42] =========================================
[2025-11-11 15:02:42] ASSISTENTE DE MIGRAÇÃO GLOBO
[2025-11-11 15:02:42] Intune → Jamf Pro
[2025-11-11 15:02:42] =========================================
[2025-11-11 15:02:42] 
[2025-11-11 15:02:42] Passo 1/5: Validando estado do Mac...
[2025-11-11 15:02:42] =========================================
[2025-11-11 15:02:42] ASSISTENTE DE MIGRAÇÃO GLOBO
[2025-11-11 15:02:42] Intune → Jamf Pro
[2025-11-11 15:02:42] =========================================
[2025-11-11 15:02:42] 
[2025-11-11 15:02:42] Passo 1/5: Validando estado do Mac...
[2025-11-11 15:02:42] =========================================
[2025-11-11 15:02:42] ASSISTENTE DE MIGRAÇÃO GLOBO
[2025-11-11 15:02:42] Intune → Jamf Pro
[2025-11-11 15:02:42] =========================================
[2025-11-11 15:02:42] 
[2025-11-11 15:02:42] Passo 1/5: Validando estado do Mac...
[2025-11-11 15:02:42] =========================================
[2025-11-11 15:02:42] ASSISTENTE DE MIGRAÇÃO GLOBO
[2025-11-11 15:02:42] Intune → Jamf Pro
[2025-11-11 15:02:42] =========================================
[2025-11-11 15:02:42] 
[2025-11-11 15:02:42] Passo 1/5: Validando estado do Mac...
[2025-11-11 15:02:42] =========================================
[2025-11-11 15:02:42] ASSISTENTE DE MIGRAÇÃO GLOBO
[2025-11-11 15:02:42] Intune → Jamf Pro
[2025-11-11 15:02:42] =========================================
[2025-11-11 15:02:42] 
[2025-11-11 15:02:42] Passo 1/5: Validando estado do Mac...
[2025-11-11 15:02:42] =========================================
[2025-11-11 15:02:42] ASSISTENTE DE MIGRAÇÃO GLOBO
[2025-11-11 15:02:42] Intune → Jamf Pro
[2025-11-11 15:02:42] =========================================
[2025-11-11 15:02:42] 
[2025-11-11 15:02:42] Passo 1/5: Validando estado do Mac...
[2025-11-11 15:02:42] =========================================
[2025-11-11 15:02:42] ASSISTENTE DE MIGRAÇÃO GLOBO
[2025-11-11 15:02:42] Intune → Jamf Pro
[2025-11-11 15:02:42] =========================================
[2025-11-11 15:02:42] 
[2025-11-11 15:02:42] Passo 1/5: Validando estado do Mac...
[2025-11-11 15:02:42] =========================================
[2025-11-11 15:02:42] ASSISTENTE DE MIGRAÇÃO GLOBO
[2025-11-11 15:02:42] Intune → Jamf Pro
[2025-11-11 15:02:42] =========================================
[2025-11-11 15:02:42] 
[2025-11-11 15:02:42] Passo 1/5: Validando estado do Mac...
[2025-11-11 15:02:42] =========================================
[2025-11-11 15:02:42] ASSISTENTE DE MIGRAÇÃO GLOBO
[2025-11-11 15:02:42] Intune → Jamf Pro
[2025-11-11 15:02:42] =========================================
[2025-11-11 15:02:42] 
[2025-11-11 15:02:42] Passo 1/5: Validando estado do Mac...
[2025-11-11 15:02:42] =========================================
[2025-11-11 15:02:42] ASSISTENTE DE MIGRAÇÃO GLOBO
[2025-11-11 15:02:42] Intune → Jamf Pro
[2025-11-11 15:02:42] =========================================
[2025-11-11 15:02:42] 
[2025-11-11 15:02:42] Passo 1/5: Validando estado do Mac...
[2025-11-11 15:02:42] =========================================
[2025-11-11 15:02:42] ASSISTENTE DE MIGRAÇÃO GLOBO
[2025-11-11 15:02:42] Intune → Jamf Pro
[2025-11-11 15:02:42] =========================================
[2025-11-11 15:02:42] 
[2025-11-11 15:02:42] Passo 1/5: Validando estado do Mac...
[2025-11-11 15:02:42] =========================================
[2025-11-11 15:02:42] ASSISTENTE DE MIGRAÇÃO GLOBO
[2025-11-11 15:02:42] Intune → Jamf Pro
[2025-11-11 15:02:42] =========================================
[2025-11-11 15:02:42] 
[2025-11-11 15:02:42] Passo 1/5: Validando estado do Mac...
[2025-11-11 15:02:42] =========================================
[2025-11-11 15:02:42] ASSISTENTE DE MIGRAÇÃO GLOBO
[2025-11-11 15:02:42] Intune → Jamf Pro
[2025-11-11 15:02:42] =========================================
[2025-11-11 15:02:42] 
[2025-11-11 15:02:42] Passo 1/5: Validando estado do Mac...
[2025-11-11 15:02:42] =========================================
[2025-11-11 15:02:42] ASSISTENTE DE MIGRAÇÃO GLOBO
[2025-11-11 15:02:42] Intune → Jamf Pro
[2025-11-11 15:02:42] =========================================
[2025-11-11 15:02:42] 
[2025-11-11 15:02:42] Passo 1/5: Validando estado do Mac...
[2025-11-11 15:02:42] =========================================
[2025-11-11 15:02:42] ASSISTENTE DE MIGRAÇÃO GLOBO
[2025-11-11 15:02:42] Intune → Jamf Pro
[2025-11-11 15:02:42] =========================================
[2025-11-11 15:02:42] 
[2025-11-11 15:02:42] Passo 1/5: Validando estado do Mac...
[2025-11-11 15:02:42] =========================================
[2025-11-11 15:02:42] ASSISTENTE DE MIGRAÇÃO GLOBO
[2025-11-11 15:02:42] Intune → Jamf Pro
[2025-11-11 15:02:42] =========================================
[2025-11-11 15:02:42] 
[2025-11-11 15:02:42] Passo 1/5: Validando estado do Mac...
[2025-11-11 15:02:42] =========================================
[2025-11-11 15:02:42] ASSISTENTE DE MIGRAÇÃO GLOBO
[2025-11-11 15:02:42] Intune → Jamf Pro
[2025-11-11 15:02:42] =========================================
[2025-11-11 15:02:42] 
[2025-11-11 15:02:42] Passo 1/5: Validando estado do Mac...
[2025-11-11 15:02:42] =========================================
[2025-11-11 15:02:42] ASSISTENTE DE MIGRAÇÃO GLOBO
[2025-11-11 15:02:42] Intune → Jamf Pro
[2025-11-11 15:02:42] =========================================
[2025-11-11 15:02:42] 
[2025-11-11 15:02:42] Passo 1/5: Validando estado do Mac...
[2025-11-11 15:02:42] =========================================
[2025-11-11 15:02:42] ASSISTENTE DE MIGRAÇÃO GLOBO
[2025-11-11 15:02:42] Intune → Jamf Pro
[2025-11-11 15:02:42] =========================================
[2025-11-11 15:02:42] 
[2025-11-11 15:02:42] Passo 1/5: Validando estado do Mac...
[2025-11-11 15:02:42] =========================================
[2025-11-11 15:02:42] ASSISTENTE DE MIGRAÇÃO GLOBO
[2025-11-11 15:02:42] Intune → Jamf Pro
[2025-11-11 15:02:42] =========================================
[2025-11-11 15:02:42] 
[2025-11-11 15:02:42] Passo 1/5: Validando estado do Mac...
[2025-11-11 15:02:42] =========================================
[2025-11-11 15:02:42] ASSISTENTE DE MIGRAÇÃO GLOBO
[2025-11-11 15:02:42] Intune → Jamf Pro
[2025-11-11 15:02:42] =========================================
[2025-11-11 15:02:42] 
[2025-11-11 15:02:42] Passo 1/5: Validando estado do Mac...
[2025-11-11 15:02:42] =========================================
[2025-11-11 15:02:42] ASSISTENTE DE MIGRAÇÃO GLOBO
[2025-11-11 15:02:42] Intune → Jamf Pro
[2025-11-11 15:02:42] =========================================
[2025-11-11 15:02:42] 
[2025-11-11 15:02:42] Passo 1/5: Validando estado do Mac...
[2025-11-11 15:02:42] =========================================
[2025-11-11 15:02:42] ASSISTENTE DE MIGRAÇÃO GLOBO
[2025-11-11 15:02:42] Intune → Jamf Pro
[2025-11-11 15:02:42] =========================================
[2025-11-11 15:02:42] 
[2025-11-11 15:02:42] Passo 1/5: Validando estado do Mac...
[2025-11-11 15:02:42] =========================================
[2025-11-11 15:02:42] ASSISTENTE DE MIGRAÇÃO GLOBO
[2025-11-11 15:02:42] Intune → Jamf Pro
[2025-11-11 15:02:42] =========================================
[2025-11-11 15:02:42] 
[2025-11-11 15:02:42] Passo 1/5: Validando estado do Mac...
[2025-11-11 15:02:42] =========================================
[2025-11-11 15:02:42] ASSISTENTE DE MIGRAÇÃO GLOBO
[2025-11-11 15:02:42] Intune → Jamf Pro
[2025-11-11 15:02:42] =========================================
[2025-11-11 15:02:42] 
[2025-11-11 15:02:42] Passo 1/5: Validando estado do Mac...
[2025-11-11 15:02:42] =========================================
[2025-11-11 15:02:42] ASSISTENTE DE MIGRAÇÃO GLOBO
[2025-11-11 15:02:42] Intune → Jamf Pro
[2025-11-11 15:02:42] =========================================
[2025-11-11 15:02:43] 
[2025-11-11 15:02:43] Passo 1/5: Validando estado do Mac...
[2025-11-11 15:02:43] =========================================
[2025-11-11 15:02:43] ASSISTENTE DE MIGRAÇÃO GLOBO
[2025-11-11 15:02:43] Intune → Jamf Pro
[2025-11-11 15:02:43] =========================================
[2025-11-11 15:02:43] 
[2025-11-11 15:02:43] Passo 1/5: Validando estado do Mac...
[2025-11-11 15:02:43] =========================================
[2025-11-11 15:02:43] ASSISTENTE DE MIGRAÇÃO GLOBO
[2025-11-11 15:02:43] Intune → Jamf Pro
[2025-11-11 15:02:43] =========================================
[2025-11-11 15:02:43] 
[2025-11-11 15:02:43] Passo 1/5: Validando estado do Mac...
[2025-11-11 15:02:43] =========================================
[2025-11-11 15:02:43] ASSISTENTE DE MIGRAÇÃO GLOBO
[2025-11-11 15:02:43] Intune → Jamf Pro
[2025-11-11 15:02:43] =========================================
[2025-11-11 15:02:43] 
[2025-11-11 15:02:43] Passo 1/5: Validando estado do Mac...
[2025-11-11 15:02:43] =========================================
[2025-11-11 15:02:43] ASSISTENTE DE MIGRAÇÃO GLOBO
[2025-11-11 15:02:43] Intune → Jamf Pro
[2025-11-11 15:02:43] =========================================
[2025-11-11 15:02:43] 
[2025-11-11 15:02:43] Passo 1/5: Validando estado do Mac...
[2025-11-11 15:02:43] =========================================
[2025-11-11 15:02:43] ASSISTENTE DE MIGRAÇÃO GLOBO
[2025-11-11 15:02:43] Intune → Jamf Pro
[2025-11-11 15:02:43] =========================================
[2025-11-11 15:02:43] 
[2025-11-11 15:02:43] Passo 1/5: Validando estado do Mac...
[2025-11-11 15:02:43] =========================================
[2025-11-11 15:02:43] ASSISTENTE DE MIGRAÇÃO GLOBO
[2025-11-11 15:02:43] Intune → Jamf Pro
[2025-11-11 15:02:43] =========================================
[2025-11-11 15:02:43] 
[2025-11-11 15:02:43] Passo 1/5: Validando estado do Mac...
[2025-11-11 15:02:43] =========================================
[2025-11-11 15:02:43] ASSISTENTE DE MIGRAÇÃO GLOBO
[2025-11-11 15:02:43] Intune → Jamf Pro
[2025-11-11 15:02:43] =========================================
[2025-11-11 15:02:43] 
[2025-11-11 15:02:43] Passo 1/5: Validando estado do Mac...
[2025-11-11 15:02:43] =========================================
[2025-11-11 15:02:43] ASSISTENTE DE MIGRAÇÃO GLOBO
[2025-11-11 15:02:43] Intune → Jamf Pro
[2025-11-11 15:02:43] =========================================
[2025-11-11 15:02:43] 
[2025-11-11 15:02:43] Passo 1/5: Validando estado do Mac...
[2025-11-11 15:02:43] =========================================
[2025-11-11 15:02:43] ASSISTENTE DE MIGRAÇÃO GLOBO
[2025-11-11 15:02:43] Intune → Jamf Pro
[2025-11-11 15:02:43] =========================================
[2025-11-11 15:02:43] 
[2025-11-11 15:02:43] Passo 1/5: Validando estado do Mac...
[2025-11-11 15:02:43] =========================================
[2025-11-11 15:02:43] ASSISTENTE DE MIGRAÇÃO GLOBO
[2025-11-11 15:02:43] Intune → Jamf Pro
[2025-11-11 15:02:43] =========================================
[2025-11-11 15:02:43] 
[2025-11-11 15:02:43] Passo 1/5: Validando estado do Mac...
[2025-11-11 15:02:43] =========================================
[2025-11-11 15:02:43] ASSISTENTE DE MIGRAÇÃO GLOBO
[2025-11-11 15:02:43] Intune → Jamf Pro
[2025-11-11 15:02:43] =========================================
[2025-11-11 15:02:43] 
[2025-11-11 15:02:43] Passo 1/5: Validando estado do Mac...
[2025-11-11 15:02:43] =========================================
[2025-11-11 15:02:43] ASSISTENTE DE MIGRAÇÃO GLOBO
[2025-11-11 15:02:43] Intune → Jamf Pro
[2025-11-11 15:02:43] =========================================
[2025-11-11 15:02:43] 
[2025-11-11 15:02:43] Passo 1/5: Validando estado do Mac...
[2025-11-11 15:02:43] =========================================
[2025-11-11 15:02:43] ASSISTENTE DE MIGRAÇÃO GLOBO
[2025-11-11 15:02:43] Intune → Jamf Pro
[2025-11-11 15:02:43] =========================================
[2025-11-11 15:02:43] 
[2025-11-11 15:02:43] Passo 1/5: Validando estado do Mac...
[2025-11-11 15:02:43] =========================================
[2025-11-11 15:02:43] ASSISTENTE DE MIGRAÇÃO GLOBO
[2025-11-11 15:02:43] Intune → Jamf Pro
[2025-11-11 15:02:43] =========================================
[2025-11-11 15:02:43] 
[2025-11-11 15:02:43] Passo 1/5: Validando estado do Mac...
[2025-11-11 15:02:43] =========================================
[2025-11-11 15:02:43] ASSISTENTE DE MIGRAÇÃO GLOBO
[2025-11-11 15:02:43] Intune → Jamf Pro
[2025-11-11 15:02:43] =========================================
[2025-11-11 15:02:43] 
[2025-11-11 15:02:43] Passo 1/5: Validando estado do Mac...
[2025-11-11 15:02:43] =========================================
[2025-11-11 15:02:43] ASSISTENTE DE MIGRAÇÃO GLOBO
[2025-11-11 15:02:43] Intune → Jamf Pro
[2025-11-11 15:02:43] =========================================
[2025-11-11 15:02:43] 
[2025-11-11 15:02:43] Passo 1/5: Validando estado do Mac...
[2025-11-11 15:02:43] =========================================
[2025-11-11 15:02:43] ASSISTENTE DE MIGRAÇÃO GLOBO
[2025-11-11 15:02:43] Intune → Jamf Pro
[2025-11-11 15:02:43] =========================================
[2025-11-11 15:02:43] 
[2025-11-11 15:02:43] Passo 1/5: Validando estado do Mac...
[2025-11-11 15:02:43] =========================================
[2025-11-11 15:02:43] ASSISTENTE DE MIGRAÇÃO GLOBO
[2025-11-11 15:02:43] Intune → Jamf Pro
[2025-11-11 15:02:43] =========================================
[2025-11-11 15:02:43] 
[2025-11-11 15:02:43] Passo 1/5: Validando estado do Mac...
[2025-11-11 15:02:43] =========================================
[2025-11-11 15:02:43] ASSISTENTE DE MIGRAÇÃO GLOBO
[2025-11-11 15:02:43] Intune → Jamf Pro
[2025-11-11 15:02:43] =========================================
[2025-11-11 15:02:43] 
[2025-11-11 15:02:43] Passo 1/5: Validando estado do Mac...
[2025-11-11 15:02:43] =========================================
[2025-11-11 15:02:43] ASSISTENTE DE MIGRAÇÃO GLOBO
[2025-11-11 15:02:43] Intune → Jamf Pro
[2025-11-11 15:02:43] =========================================
[2025-11-11 15:02:43] 
[2025-11-11 15:02:43] Passo 1/5: Validando estado do Mac...
[2025-11-11 15:02:43] =========================================
[2025-11-11 15:02:43] ASSISTENTE DE MIGRAÇÃO GLOBO
[2025-11-11 15:02:43] Intune → Jamf Pro
[2025-11-11 15:02:43] =========================================
[2025-11-11 15:02:43] 
[2025-11-11 15:02:43] Passo 1/5: Validando estado do Mac...
[2025-11-11 15:02:43] =========================================
[2025-11-11 15:02:43] ASSISTENTE DE MIGRAÇÃO GLOBO
[2025-11-11 15:02:43] Intune → Jamf Pro
[2025-11-11 15:02:43] =========================================
[2025-11-11 15:02:43] 
[2025-11-11 15:02:43] Passo 1/5: Validando estado do Mac...
[2025-11-11 15:02:43] =========================================
[2025-11-11 15:02:43] ASSISTENTE DE MIGRAÇÃO GLOBO
[2025-11-11 15:02:43] Intune → Jamf Pro
[2025-11-11 15:02:43] =========================================
[2025-11-11 15:02:43] 
[2025-11-11 15:02:43] Passo 1/5: Validando estado do Mac...
[2025-11-11 15:02:43] =========================================
[2025-11-11 15:02:43] ASSISTENTE DE MIGRAÇÃO GLOBO
[2025-11-11 15:02:43] Intune → Jamf Pro
[2025-11-11 15:02:43] =========================================
[2025-11-11 15:02:43] 
[2025-11-11 15:02:43] Passo 1/5: Validando estado do Mac...
[2025-11-11 15:02:43] =========================================
[2025-11-11 15:02:43] ASSISTENTE DE MIGRAÇÃO GLOBO
[2025-11-11 15:02:43] Intune → Jamf Pro
[2025-11-11 15:02:43] =========================================
[2025-11-11 15:02:43] 
[2025-11-11 15:02:43] Passo 1/5: Validando estado do Mac...
[2025-11-11 15:02:43] =========================================
[2025-11-11 15:02:43] ASSISTENTE DE MIGRAÇÃO GLOBO
[2025-11-11 15:02:43] Intune → Jamf Pro
[2025-11-11 15:02:43] =========================================
[2025-11-11 15:02:43] 
[2025-11-11 15:02:43] Passo 1/5: Validando estado do Mac...
[2025-11-11 15:02:43] =========================================
[2025-11-11 15:02:43] ASSISTENTE DE MIGRAÇÃO GLOBO
[2025-11-11 15:02:43] Intune → Jamf Pro
[2025-11-11 15:02:43] =========================================
[2025-11-11 15:02:43] 
[2025-11-11 15:02:43] Passo 1/5: Validando estado do Mac...
[2025-11-11 15:02:43] =========================================
[2025-11-11 15:02:43] ASSISTENTE DE MIGRAÇÃO GLOBO
[2025-11-11 15:02:43] Intune → Jamf Pro
[2025-11-11 15:02:43] =========================================
[2025-11-11 15:02:43] 
[2025-11-11 15:02:43] Passo 1/5: Validando estado do Mac...
[2025-11-11 15:02:43] =========================================
[2025-11-11 15:02:43] ASSISTENTE DE MIGRAÇÃO GLOBO
[2025-11-11 15:02:43] Intune → Jamf Pro
[2025-11-11 15:02:43] =========================================
[2025-11-11 15:02:43] 
[2025-11-11 15:02:43] Passo 1/5: Validando estado do Mac...
[2025-11-11 15:02:43] =========================================
[2025-11-11 15:02:43] ASSISTENTE DE MIGRAÇÃO GLOBO
[2025-11-11 15:02:43] Intune → Jamf Pro
[2025-11-11 15:02:43] =========================================
[2025-11-11 15:02:43] 
[2025-11-11 15:02:43] Passo 1/5: Validando estado do Mac...
[2025-11-11 15:02:43] =========================================
[2025-11-11 15:02:43] ASSISTENTE DE MIGRAÇÃO GLOBO
[2025-11-11 15:02:43] Intune → Jamf Pro
[2025-11-11 15:02:43] =========================================
[2025-11-11 15:02:44] 
[2025-11-11 15:02:44] Passo 1/5: Validando estado do Mac...
[2025-11-11 15:02:44] =========================================
[2025-11-11 15:02:44] ASSISTENTE DE MIGRAÇÃO GLOBO
[2025-11-11 15:02:44] Intune → Jamf Pro
[2025-11-11 15:02:44] =========================================
[2025-11-11 15:02:44] 
[2025-11-11 15:02:44] Passo 1/5: Validando estado do Mac...
[2025-11-11 15:02:44] =========================================
[2025-11-11 15:02:44] ASSISTENTE DE MIGRAÇÃO GLOBO
[2025-11-11 15:02:44] Intune → Jamf Pro
[2025-11-11 15:02:44] =========================================
[2025-11-11 15:02:44] 
[2025-11-11 15:02:44] Passo 1/5: Validando estado do Mac...
[2025-11-11 15:02:44] =========================================
[2025-11-11 15:02:44] ASSISTENTE DE MIGRAÇÃO GLOBO
[2025-11-11 15:02:44] Intune → Jamf Pro
[2025-11-11 15:02:44] =========================================
[2025-11-11 15:02:44] 
[2025-11-11 15:02:44] Passo 1/5: Validando estado do Mac...
[2025-11-11 15:02:44] =========================================
[2025-11-11 15:02:44] ASSISTENTE DE MIGRAÇÃO GLOBO
[2025-11-11 15:02:44] Intune → Jamf Pro
[2025-11-11 15:02:44] =========================================
[2025-11-11 15:02:44] 
[2025-11-11 15:02:44] Passo 1/5: Validando estado do Mac...
[2025-11-11 15:02:44] =========================================
[2025-11-11 15:02:44] ASSISTENTE DE MIGRAÇÃO GLOBO
[2025-11-11 15:02:44] Intune → Jamf Pro
[2025-11-11 15:02:44] =========================================
[2025-11-11 15:02:44] 
[2025-11-11 15:02:44] Passo 1/5: Validando estado do Mac...
[2025-11-11 15:02:44] =========================================
[2025-11-11 15:02:44] ASSISTENTE DE MIGRAÇÃO GLOBO
[2025-11-11 15:02:44] Intune → Jamf Pro
[2025-11-11 15:02:44] =========================================
[2025-11-11 15:02:44] 
[2025-11-11 15:02:44] Passo 1/5: Validando estado do Mac...
[2025-11-11 15:02:44] =========================================
[2025-11-11 15:02:44] ASSISTENTE DE MIGRAÇÃO GLOBO
[2025-11-11 15:02:44] Intune → Jamf Pro
[2025-11-11 15:02:44] =========================================
[2025-11-11 15:02:44] 
[2025-11-11 15:02:44] Passo 1/5: Validando estado do Mac...
[2025-11-11 15:02:44] =========================================
[2025-11-11 15:02:44] ASSISTENTE DE MIGRAÇÃO GLOBO
[2025-11-11 15:02:44] Intune → Jamf Pro
[2025-11-11 15:02:44] =========================================
[2025-11-11 15:02:44] 
[2025-11-11 15:02:44] Passo 1/5: Validando estado do Mac...
[2025-11-11 15:02:44] =========================================
[2025-11-11 15:02:44] ASSISTENTE DE MIGRAÇÃO GLOBO
[2025-11-11 15:02:44] Intune → Jamf Pro
[2025-11-11 15:02:44] =========================================
[2025-11-11 15:02:44] 
[2025-11-11 15:02:44] Passo 1/5: Validando estado do Mac...
[2025-11-11 15:02:44] =========================================
[2025-11-11 15:02:44] ASSISTENTE DE MIGRAÇÃO GLOBO
[2025-11-11 15:02:44] Intune → Jamf Pro
[2025-11-11 15:02:44] =========================================
[2025-11-11 15:02:44] 
[2025-11-11 15:02:44] Passo 1/5: Validando estado do Mac...
[2025-11-11 15:02:44] =========================================
[2025-11-11 15:02:44] ASSISTENTE DE MIGRAÇÃO GLOBO
[2025-11-11 15:02:44] Intune → Jamf Pro
[2025-11-11 15:02:44] =========================================
[2025-11-11 15:02:44] 
[2025-11-11 15:02:44] Passo 1/5: Validando estado do Mac...
[2025-11-11 15:02:44] =========================================
[2025-11-11 15:02:44] ASSISTENTE DE MIGRAÇÃO GLOBO
[2025-11-11 15:02:44] Intune → Jamf Pro
[2025-11-11 15:02:44] =========================================
[2025-11-11 15:02:44] 
[2025-11-11 15:02:44] Passo 1/5: Validando estado do Mac...
[2025-11-11 15:02:44] =========================================
[2025-11-11 15:02:44] ASSISTENTE DE MIGRAÇÃO GLOBO
[2025-11-11 15:02:44] Intune → Jamf Pro
[2025-11-11 15:02:44] =========================================
[2025-11-11 15:02:44] 
[2025-11-11 15:02:44] Passo 1/5: Validando estado do Mac...
[2025-11-11 15:02:44] =========================================
[2025-11-11 15:02:44] ASSISTENTE DE MIGRAÇÃO GLOBO
[2025-11-11 15:02:44] Intune → Jamf Pro
[2025-11-11 15:02:44] =========================================
[2025-11-11 15:02:44] 
[2025-11-11 15:02:44] Passo 1/5: Validando estado do Mac...
[2025-11-11 15:02:44] =========================================
[2025-11-11 15:02:44] ASSISTENTE DE MIGRAÇÃO GLOBO
[2025-11-11 15:02:44] Intune → Jamf Pro
[2025-11-11 15:02:44] =========================================
[2025-11-11 15:02:44] 
[2025-11-11 15:02:44] Passo 1/5: Validando estado do Mac...
[2025-11-11 15:02:44] =========================================
[2025-11-11 15:02:44] ASSISTENTE DE MIGRAÇÃO GLOBO
[2025-11-11 15:02:44] Intune → Jamf Pro
[2025-11-11 15:02:44] =========================================
[2025-11-11 15:02:44] 
[2025-11-11 15:02:44] Passo 1/5: Validando estado do Mac...
[2025-11-11 15:02:44] =========================================
[2025-11-11 15:02:44] ASSISTENTE DE MIGRAÇÃO GLOBO
[2025-11-11 15:02:44] Intune → Jamf Pro
[2025-11-11 15:02:44] =========================================
[2025-11-11 15:02:44] 
[2025-11-11 15:02:44] Passo 1/5: Validando estado do Mac...
[2025-11-11 15:02:44] =========================================
[2025-11-11 15:02:44] ASSISTENTE DE MIGRAÇÃO GLOBO
[2025-11-11 15:02:44] Intune → Jamf Pro
[2025-11-11 15:02:44] =========================================
[2025-11-11 15:02:44] 
[2025-11-11 15:02:44] Passo 1/5: Validando estado do Mac...
[2025-11-11 15:02:44] =========================================
[2025-11-11 15:02:44] ASSISTENTE DE MIGRAÇÃO GLOBO
[2025-11-11 15:02:44] Intune → Jamf Pro
[2025-11-11 15:02:44] =========================================
[2025-11-11 15:02:44] 
[2025-11-11 15:02:44] Passo 1/5: Validando estado do Mac...
[2025-11-11 15:02:44] =========================================
[2025-11-11 15:02:44] ASSISTENTE DE MIGRAÇÃO GLOBO
[2025-11-11 15:02:44] Intune → Jamf Pro
[2025-11-11 15:02:44] =========================================
[2025-11-11 15:02:44] 
[2025-11-11 15:02:44] Passo 1/5: Validando estado do Mac...
[2025-11-11 15:02:44] =========================================
[2025-11-11 15:02:44] ASSISTENTE DE MIGRAÇÃO GLOBO
[2025-11-11 15:02:44] Intune → Jamf Pro
[2025-11-11 15:02:44] =========================================
[2025-11-11 15:02:44] 
[2025-11-11 15:02:44] Passo 1/5: Validando estado do Mac...
[2025-11-11 15:02:44] =========================================
[2025-11-11 15:02:44] ASSISTENTE DE MIGRAÇÃO GLOBO
[2025-11-11 15:02:44] Intune → Jamf Pro
[2025-11-11 15:02:44] =========================================
[2025-11-11 15:02:44] 
[2025-11-11 15:02:44] Passo 1/5: Validando estado do Mac...
[2025-11-11 15:02:44] =========================================
[2025-11-11 15:02:44] ASSISTENTE DE MIGRAÇÃO GLOBO
[2025-11-11 15:02:44] Intune → Jamf Pro
[2025-11-11 15:02:44] =========================================
[2025-11-11 15:02:44] 
[2025-11-11 15:02:44] Passo 1/5: Validando estado do Mac...
[2025-11-11 15:02:44] =========================================
[2025-11-11 15:02:44] ASSISTENTE DE MIGRAÇÃO GLOBO
[2025-11-11 15:02:44] Intune → Jamf Pro
[2025-11-11 15:02:44] =========================================
[2025-11-11 15:02:44] 
[2025-11-11 15:02:44] Passo 1/5: Validando estado do Mac...
[2025-11-11 15:02:44] =========================================
[2025-11-11 15:02:44] ASSISTENTE DE MIGRAÇÃO GLOBO
[2025-11-11 15:02:44] Intune → Jamf Pro
[2025-11-11 15:02:44] =========================================
[2025-11-11 15:02:44] 
[2025-11-11 15:02:44] Passo 1/5: Validando estado do Mac...
[2025-11-11 15:02:44] =========================================
[2025-11-11 15:02:44] ASSISTENTE DE MIGRAÇÃO GLOBO
[2025-11-11 15:02:44] Intune → Jamf Pro
[2025-11-11 15:02:44] =========================================
[2025-11-11 15:02:44] 
[2025-11-11 15:02:44] Passo 1/5: Validando estado do Mac...
[2025-11-11 15:02:44] =========================================
[2025-11-11 15:02:44] ASSISTENTE DE MIGRAÇÃO GLOBO
[2025-11-11 15:02:44] Intune → Jamf Pro
[2025-11-11 15:02:44] =========================================
[2025-11-11 15:02:44] 
[2025-11-11 15:02:44] Passo 1/5: Validando estado do Mac...
[2025-11-11 15:02:44] =========================================
[2025-11-11 15:02:45] ASSISTENTE DE MIGRAÇÃO GLOBO
[2025-11-11 15:02:45] Intune → Jamf Pro
[2025-11-11 15:02:45] =========================================
[2025-11-11 15:02:45] 
[2025-11-11 15:02:45] Passo 1/5: Validando estado do Mac...
[2025-11-11 15:02:45] =========================================
[2025-11-11 15:02:45] ASSISTENTE DE MIGRAÇÃO GLOBO
[2025-11-11 15:02:45] Intune → Jamf Pro
[2025-11-11 15:02:45] =========================================
[2025-11-11 15:02:45] 
[2025-11-11 15:02:45] Passo 1/5: Validando estado do Mac...
[2025-11-11 15:02:45] =========================================
[2025-11-11 15:02:45] ASSISTENTE DE MIGRAÇÃO GLOBO
[2025-11-11 15:02:45] Intune → Jamf Pro
[2025-11-11 15:02:45] =========================================
[2025-11-11 15:02:45] 
[2025-11-11 15:02:45] Passo 1/5: Validando estado do Mac...
[2025-11-11 15:02:45] =========================================
[2025-11-11 15:02:45] ASSISTENTE DE MIGRAÇÃO GLOBO
[2025-11-11 15:02:45] Intune → Jamf Pro
[2025-11-11 15:02:45] =========================================
[2025-11-11 15:02:45] 
[2025-11-11 15:02:45] Passo 1/5: Validando estado do Mac...
[2025-11-11 15:02:45] =========================================
[2025-11-11 15:02:45] ASSISTENTE DE MIGRAÇÃO GLOBO
[2025-11-11 15:02:45] Intune → Jamf Pro
[2025-11-11 15:02:45] =========================================
[2025-11-11 15:02:45] 
[2025-11-11 15:02:45] Passo 1/5: Validando estado do Mac...
[2025-11-11 15:02:45] =========================================
[2025-11-11 15:02:45] ASSISTENTE DE MIGRAÇÃO GLOBO
[2025-11-11 15:02:45] Intune → Jamf Pro
[2025-11-11 15:02:45] =========================================
[2025-11-11 15:02:45] 
[2025-11-11 15:02:45] Passo 1/5: Validando estado do Mac...
[2025-11-11 15:02:45] =========================================
[2025-11-11 15:02:45] ASSISTENTE DE MIGRAÇÃO GLOBO
[2025-11-11 15:02:45] Intune → Jamf Pro
[2025-11-11 15:02:45] =========================================
[2025-11-11 15:02:45] 
[2025-11-11 15:02:45] Passo 1/5: Validando estado do Mac...
[2025-11-11 15:02:45] =========================================
[2025-11-11 15:02:45] ASSISTENTE DE MIGRAÇÃO GLOBO
[2025-11-11 15:02:45] Intune → Jamf Pro
[2025-11-11 15:02:45] =========================================
[2025-11-11 15:02:45] 
[2025-11-11 15:02:45] Passo 1/5: Validando estado do Mac...
[2025-11-11 15:02:45] =========================================
[2025-11-11 15:02:45] ASSISTENTE DE MIGRAÇÃO GLOBO
[2025-11-11 15:02:45] Intune → Jamf Pro
[2025-11-11 15:02:45] =========================================
[2025-11-11 15:02:45] 
[2025-11-11 15:02:45] Passo 1/5: Validando estado do Mac...
[2025-11-11 15:02:45] =========================================
[2025-11-11 15:02:45] ASSISTENTE DE MIGRAÇÃO GLOBO
[2025-11-11 15:02:45] Intune → Jamf Pro
[2025-11-11 15:02:45] =========================================
[2025-11-11 15:02:45] 
[2025-11-11 15:02:45] Passo 1/5: Validando estado do Mac...
[2025-11-11 15:02:45] =========================================
[2025-11-11 15:02:45] ASSISTENTE DE MIGRAÇÃO GLOBO
[2025-11-11 15:02:45] Intune → Jamf Pro
[2025-11-11 15:02:45] =========================================
[2025-11-11 15:02:45] 
[2025-11-11 15:02:45] Passo 1/5: Validando estado do Mac...
[2025-11-11 15:02:45] =========================================
[2025-11-11 15:02:45] ASSISTENTE DE MIGRAÇÃO GLOBO
[2025-11-11 15:02:45] Intune → Jamf Pro
[2025-11-11 15:02:45] =========================================
[2025-11-11 15:02:45] 
[2025-11-11 15:02:45] Passo 1/5: Validando estado do Mac...
[2025-11-11 15:02:45] =========================================
[2025-11-11 15:02:45] ASSISTENTE DE MIGRAÇÃO GLOBO
[2025-11-11 15:02:45] Intune → Jamf Pro
[2025-11-11 15:02:45] =========================================
[2025-11-11 15:02:45] 
[2025-11-11 15:02:45] Passo 1/5: Validando estado do Mac...
[2025-11-11 15:02:45] =========================================
[2025-11-11 15:02:45] ASSISTENTE DE MIGRAÇÃO GLOBO
[2025-11-11 15:02:45] Intune → Jamf Pro
[2025-11-11 15:02:45] =========================================
[2025-11-11 15:02:45] 
[2025-11-11 15:02:45] Passo 1/5: Validando estado do Mac...
[2025-11-11 15:02:45] =========================================
[2025-11-11 15:02:45] ASSISTENTE DE MIGRAÇÃO GLOBO
[2025-11-11 15:02:45] Intune → Jamf Pro
[2025-11-11 15:02:45] =========================================
[2025-11-11 15:02:45] 
[2025-11-11 15:02:45] Passo 1/5: Validando estado do Mac...
[2025-11-11 15:02:45] =========================================
[2025-11-11 15:02:45] ASSISTENTE DE MIGRAÇÃO GLOBO
[2025-11-11 15:02:45] Intune → Jamf Pro
[2025-11-11 15:02:45] =========================================
[2025-11-11 15:02:45] 
[2025-11-11 15:02:45] Passo 1/5: Validando estado do Mac...
[2025-11-11 15:02:45] =========================================
[2025-11-11 15:02:45] ASSISTENTE DE MIGRAÇÃO GLOBO
[2025-11-11 15:02:45] Intune → Jamf Pro
[2025-11-11 15:02:45] =========================================
[2025-11-11 15:02:45] 
[2025-11-11 15:02:45] Passo 1/5: Validando estado do Mac...
[2025-11-11 15:02:45] =========================================
[2025-11-11 15:02:45] ASSISTENTE DE MIGRAÇÃO GLOBO
[2025-11-11 15:02:45] Intune → Jamf Pro
[2025-11-11 15:02:45] =========================================
[2025-11-11 15:02:45] 
[2025-11-11 15:02:45] Passo 1/5: Validando estado do Mac...
[2025-11-11 15:02:45] =========================================
[2025-11-11 15:02:45] ASSISTENTE DE MIGRAÇÃO GLOBO
[2025-11-11 15:02:45] Intune → Jamf Pro
[2025-11-11 15:02:45] =========================================
[2025-11-11 15:02:45] 
[2025-11-11 15:02:45] Passo 1/5: Validando estado do Mac...
[2025-11-11 15:02:45] =========================================
[2025-11-11 15:02:45] ASSISTENTE DE MIGRAÇÃO GLOBO
[2025-11-11 15:02:45] Intune → Jamf Pro
[2025-11-11 15:02:45] =========================================
[2025-11-11 15:02:45] 
[2025-11-11 15:02:45] Passo 1/5: Validando estado do Mac...
[2025-11-11 15:02:45] =========================================
[2025-11-11 15:02:45] ASSISTENTE DE MIGRAÇÃO GLOBO
[2025-11-11 15:02:45] Intune → Jamf Pro
[2025-11-11 15:02:45] =========================================
[2025-11-11 15:02:45] 
[2025-11-11 15:02:45] Passo 1/5: Validando estado do Mac...
[2025-11-11 15:02:45] =========================================
[2025-11-11 15:02:45] ASSISTENTE DE MIGRAÇÃO GLOBO
[2025-11-11 15:02:45] Intune → Jamf Pro
[2025-11-11 15:02:45] =========================================
[2025-11-11 15:02:45] 
[2025-11-11 15:02:45] Passo 1/5: Validando estado do Mac...
[2025-11-11 15:02:45] =========================================
[2025-11-11 15:02:45] ASSISTENTE DE MIGRAÇÃO GLOBO
[2025-11-11 15:02:45] Intune → Jamf Pro
[2025-11-11 15:02:45] =========================================
[2025-11-11 15:02:45] 
[2025-11-11 15:02:45] Passo 1/5: Validando estado do Mac...
[2025-11-11 15:02:45] =========================================
[2025-11-11 15:02:45] ASSISTENTE DE MIGRAÇÃO GLOBO
[2025-11-11 15:02:45] Intune → Jamf Pro
[2025-11-11 15:02:45] =========================================
[2025-11-11 15:02:45] 
[2025-11-11 15:02:45] Passo 1/5: Validando estado do Mac...
[2025-11-11 15:02:45] =========================================
[2025-11-11 15:02:45] ASSISTENTE DE MIGRAÇÃO GLOBO
[2025-11-11 15:02:45] Intune → Jamf Pro
[2025-11-11 15:02:45] =========================================
[2025-11-11 15:02:45] 
[2025-11-11 15:02:45] Passo 1/5: Validando estado do Mac...
[2025-11-11 15:02:45] =========================================
[2025-11-11 15:02:45] ASSISTENTE DE MIGRAÇÃO GLOBO
[2025-11-11 15:02:45] Intune → Jamf Pro
[2025-11-11 15:02:45] =========================================
[2025-11-11 15:02:45] 
[2025-11-11 15:02:45] Passo 1/5: Validando estado do Mac...
[2025-11-11 15:02:45] =========================================
[2025-11-11 15:02:45] ASSISTENTE DE MIGRAÇÃO GLOBO
[2025-11-11 15:02:45] Intune → Jamf Pro
[2025-11-11 15:02:45] =========================================
[2025-11-11 15:02:45] 
[2025-11-11 15:02:45] Passo 1/5: Validando estado do Mac...
[2025-11-11 15:02:46] =========================================
[2025-11-11 15:02:46] ASSISTENTE DE MIGRAÇÃO GLOBO
[2025-11-11 15:02:46] Intune → Jamf Pro
[2025-11-11 15:02:46] =========================================
[2025-11-11 15:02:46] 
[2025-11-11 15:02:46] Passo 1/5: Validando estado do Mac...
[2025-11-11 15:02:46] =========================================
[2025-11-11 15:02:46] ASSISTENTE DE MIGRAÇÃO GLOBO
[2025-11-11 15:02:46] Intune → Jamf Pro
[2025-11-11 15:02:46] =========================================
[2025-11-11 15:02:46] 
[2025-11-11 15:02:46] Passo 1/5: Validando estado do Mac...
[2025-11-11 15:02:46] =========================================
[2025-11-11 15:02:46] ASSISTENTE DE MIGRAÇÃO GLOBO
[2025-11-11 15:02:46] Intune → Jamf Pro
[2025-11-11 15:02:46] =========================================
[2025-11-11 15:02:46] 
[2025-11-11 15:02:46] Passo 1/5: Validando estado do Mac...
[2025-11-11 15:02:46] =========================================
[2025-11-11 15:02:46] ASSISTENTE DE MIGRAÇÃO GLOBO
[2025-11-11 15:02:46] Intune → Jamf Pro
[2025-11-11 15:02:46] =========================================
[2025-11-11 15:02:46] 
[2025-11-11 15:02:46] Passo 1/5: Validando estado do Mac...
[2025-11-11 15:02:46] =========================================
[2025-11-11 15:02:46] ASSISTENTE DE MIGRAÇÃO GLOBO
[2025-11-11 15:02:46] Intune → Jamf Pro
[2025-11-11 15:02:46] =========================================
[2025-11-11 15:02:46] 
[2025-11-11 15:02:46] Passo 1/5: Validando estado do Mac...
[2025-11-11 15:02:46] =========================================
[2025-11-11 15:02:46] ASSISTENTE DE MIGRAÇÃO GLOBO
[2025-11-11 15:02:46] Intune → Jamf Pro
[2025-11-11 15:02:46] =========================================
[2025-11-11 15:02:46] 
[2025-11-11 15:02:46] Passo 1/5: Validando estado do Mac...
[2025-11-11 15:02:46] =========================================
[2025-11-11 15:02:46] ASSISTENTE DE MIGRAÇÃO GLOBO
[2025-11-11 15:02:46] Intune → Jamf Pro
[2025-11-11 15:02:46] =========================================
[2025-11-11 15:02:46] 
[2025-11-11 15:02:46] Passo 1/5: Validando estado do Mac...
[2025-11-11 15:02:46] =========================================
[2025-11-11 15:02:46] ASSISTENTE DE MIGRAÇÃO GLOBO
[2025-11-11 15:02:46] Intune → Jamf Pro
[2025-11-11 15:02:46] =========================================
[2025-11-11 15:02:46] 
[2025-11-11 15:02:46] Passo 1/5: Validando estado do Mac...
[2025-11-11 15:02:46] =========================================
[2025-11-11 15:02:46] ASSISTENTE DE MIGRAÇÃO GLOBO
[2025-11-11 15:02:46] Intune → Jamf Pro
[2025-11-11 15:02:46] =========================================
[2025-11-11 15:02:46] 
[2025-11-11 15:02:46] Passo 1/5: Validando estado do Mac...
[2025-11-11 15:02:46] =========================================
[2025-11-11 15:02:46] ASSISTENTE DE MIGRAÇÃO GLOBO
[2025-11-11 15:02:46] Intune → Jamf Pro
[2025-11-11 15:02:46] =========================================
[2025-11-11 15:02:46] 
[2025-11-11 15:02:46] Passo 1/5: Validando estado do Mac...
[2025-11-11 15:02:46] =========================================
[2025-11-11 15:02:46] ASSISTENTE DE MIGRAÇÃO GLOBO
[2025-11-11 15:02:46] Intune → Jamf Pro
[2025-11-11 15:02:46] =========================================
[2025-11-11 15:02:46] 
[2025-11-11 15:02:46] Passo 1/5: Validando estado do Mac...
[2025-11-11 15:02:46] =========================================
[2025-11-11 15:02:46] ASSISTENTE DE MIGRAÇÃO GLOBO
[2025-11-11 15:02:46] Intune → Jamf Pro
[2025-11-11 15:02:46] =========================================
[2025-11-11 15:02:46] 
[2025-11-11 15:02:46] Passo 1/5: Validando estado do Mac...
[2025-11-11 15:02:46] =========================================
[2025-11-11 15:02:46] ASSISTENTE DE MIGRAÇÃO GLOBO
[2025-11-11 15:02:46] Intune → Jamf Pro
[2025-11-11 15:02:46] =========================================
[2025-11-11 15:02:46] 
[2025-11-11 15:02:46] Passo 1/5: Validando estado do Mac...
[2025-11-11 15:02:46] =========================================
[2025-11-11 15:02:46] ASSISTENTE DE MIGRAÇÃO GLOBO
[2025-11-11 15:02:46] Intune → Jamf Pro
[2025-11-11 15:02:46] =========================================
[2025-11-11 15:02:46] 
[2025-11-11 15:02:46] Passo 1/5: Validando estado do Mac...
[2025-11-11 15:02:46] =========================================
[2025-11-11 15:02:46] ASSISTENTE DE MIGRAÇÃO GLOBO
[2025-11-11 15:02:46] Intune → Jamf Pro
[2025-11-11 15:02:46] =========================================
[2025-11-11 15:02:46] 
[2025-11-11 15:02:46] Passo 1/5: Validando estado do Mac...
[2025-11-11 15:02:46] =========================================
[2025-11-11 15:02:46] ASSISTENTE DE MIGRAÇÃO GLOBO
[2025-11-11 15:02:46] Intune → Jamf Pro
[2025-11-11 15:02:46] =========================================
[2025-11-11 15:02:46] 
[2025-11-11 15:02:46] Passo 1/5: Validando estado do Mac...
[2025-11-11 15:02:46] =========================================
[2025-11-11 15:02:46] ASSISTENTE DE MIGRAÇÃO GLOBO
[2025-11-11 15:02:46] Intune → Jamf Pro
[2025-11-11 15:02:46] =========================================
[2025-11-11 15:02:46] 
[2025-11-11 15:02:46] Passo 1/5: Validando estado do Mac...
[2025-11-11 15:02:46] =========================================
[2025-11-11 15:02:46] ASSISTENTE DE MIGRAÇÃO GLOBO
[2025-11-11 15:02:46] Intune → Jamf Pro
[2025-11-11 15:02:46] =========================================
[2025-11-11 15:02:46] 
[2025-11-11 15:02:46] Passo 1/5: Validando estado do Mac...
[2025-11-11 15:02:46] =========================================
[2025-11-11 15:02:46] ASSISTENTE DE MIGRAÇÃO GLOBO
[2025-11-11 15:02:46] Intune → Jamf Pro
[2025-11-11 15:02:46] =========================================
[2025-11-11 15:02:46] 
[2025-11-11 15:02:46] Passo 1/5: Validando estado do Mac...
[2025-11-11 15:02:46] =========================================
[2025-11-11 15:02:46] ASSISTENTE DE MIGRAÇÃO GLOBO
[2025-11-11 15:02:46] Intune → Jamf Pro
[2025-11-11 15:02:46] =========================================
[2025-11-11 15:02:46] 
[2025-11-11 15:02:46] Passo 1/5: Validando estado do Mac...
[2025-11-11 15:02:46] =========================================
[2025-11-11 15:02:46] ASSISTENTE DE MIGRAÇÃO GLOBO
[2025-11-11 15:02:46] Intune → Jamf Pro
[2025-11-11 15:02:46] =========================================
[2025-11-11 15:02:46] 
[2025-11-11 15:02:46] Passo 1/5: Validando estado do Mac...
[2025-11-11 15:02:46] =========================================
[2025-11-11 15:02:46] ASSISTENTE DE MIGRAÇÃO GLOBO
[2025-11-11 15:02:46] Intune → Jamf Pro
[2025-11-11 15:02:46] =========================================
[2025-11-11 15:02:46] 
[2025-11-11 15:02:46] Passo 1/5: Validando estado do Mac...
[2025-11-11 15:02:46] =========================================
[2025-11-11 15:02:46] ASSISTENTE DE MIGRAÇÃO GLOBO
[2025-11-11 15:02:46] Intune → Jamf Pro
[2025-11-11 15:02:46] =========================================
[2025-11-11 15:02:46] 
[2025-11-11 15:02:46] Passo 1/5: Validando estado do Mac...
[2025-11-11 15:02:46] =========================================
[2025-11-11 15:02:46] ASSISTENTE DE MIGRAÇÃO GLOBO
[2025-11-11 15:02:46] Intune → Jamf Pro
[2025-11-11 15:02:46] =========================================
[2025-11-11 15:02:46] 
[2025-11-11 15:02:46] Passo 1/5: Validando estado do Mac...
[2025-11-11 15:02:46] =========================================
[2025-11-11 15:02:46] ASSISTENTE DE MIGRAÇÃO GLOBO
[2025-11-11 15:02:46] Intune → Jamf Pro
[2025-11-11 15:02:46] =========================================
[2025-11-11 15:02:46] 
[2025-11-11 15:02:46] Passo 1/5: Validando estado do Mac...
[2025-11-11 15:02:46] =========================================
[2025-11-11 15:02:46] ASSISTENTE DE MIGRAÇÃO GLOBO
[2025-11-11 15:02:46] Intune → Jamf Pro
[2025-11-11 15:02:46] =========================================
[2025-11-11 15:02:46] 
[2025-11-11 15:02:46] Passo 1/5: Validando estado do Mac...
[2025-11-11 15:02:46] =========================================
[2025-11-11 15:02:46] ASSISTENTE DE MIGRAÇÃO GLOBO
[2025-11-11 15:02:46] Intune → Jamf Pro
[2025-11-11 15:02:46] =========================================
[2025-11-11 15:02:46] 
[2025-11-11 15:02:46] Passo 1/5: Validando estado do Mac...
[2025-11-11 15:02:46] =========================================
[2025-11-11 15:02:46] ASSISTENTE DE MIGRAÇÃO GLOBO
[2025-11-11 15:02:46] Intune → Jamf Pro
[2025-11-11 15:02:46] =========================================
[2025-11-11 15:02:46] 
[2025-11-11 15:02:46] Passo 1/5: Validando estado do Mac...
[2025-11-11 15:02:46] =========================================
[2025-11-11 15:02:46] ASSISTENTE DE MIGRAÇÃO GLOBO
[2025-11-11 15:02:46] Intune → Jamf Pro
[2025-11-11 15:02:46] =========================================
[2025-11-11 15:02:46] 
[2025-11-11 15:02:46] Passo 1/5: Validando estado do Mac...
[2025-11-11 15:02:46] =========================================
[2025-11-11 15:02:47] ASSISTENTE DE MIGRAÇÃO GLOBO
[2025-11-11 15:02:47] Intune → Jamf Pro
[2025-11-11 15:02:47] =========================================
[2025-11-11 15:02:47] 
[2025-11-11 15:02:47] Passo 1/5: Validando estado do Mac...
[2025-11-11 15:02:47] =========================================
[2025-11-11 15:02:47] ASSISTENTE DE MIGRAÇÃO GLOBO
[2025-11-11 15:02:47] Intune → Jamf Pro
[2025-11-11 15:02:47] =========================================
[2025-11-11 15:02:47] 
[2025-11-11 15:02:47] Passo 1/5: Validando estado do Mac...
[2025-11-11 15:02:47] =========================================
[2025-11-11 15:02:47] ASSISTENTE DE MIGRAÇÃO GLOBO
[2025-11-11 15:02:47] Intune → Jamf Pro
[2025-11-11 15:02:47] =========================================
[2025-11-11 15:02:47] 
[2025-11-11 15:02:47] Passo 1/5: Validando estado do Mac...
[2025-11-11 15:02:47] =========================================
[2025-11-11 15:02:47] ASSISTENTE DE MIGRAÇÃO GLOBO
[2025-11-11 15:02:47] Intune → Jamf Pro
[2025-11-11 15:02:47] =========================================
[2025-11-11 15:02:47] 
[2025-11-11 15:02:47] Passo 1/5: Validando estado do Mac...
[2025-11-11 15:02:47] =========================================
[2025-11-11 15:02:47] ASSISTENTE DE MIGRAÇÃO GLOBO
[2025-11-11 15:02:47] Intune → Jamf Pro
[2025-11-11 15:02:47] =========================================
[2025-11-11 15:02:47] 
[2025-11-11 15:02:47] Passo 1/5: Validando estado do Mac...
[2025-11-11 15:02:47] =========================================
[2025-11-11 15:02:47] ASSISTENTE DE MIGRAÇÃO GLOBO
[2025-11-11 15:02:47] Intune → Jamf Pro
[2025-11-11 15:02:47] =========================================
[2025-11-11 15:02:47] 
[2025-11-11 15:02:47] Passo 1/5: Validando estado do Mac...
[2025-11-11 15:02:47] =========================================
[2025-11-11 15:02:47] ASSISTENTE DE MIGRAÇÃO GLOBO
[2025-11-11 15:02:47] Intune → Jamf Pro
[2025-11-11 15:02:47] =========================================
[2025-11-11 15:02:47] 
[2025-11-11 15:02:47] Passo 1/5: Validando estado do Mac...
[2025-11-11 15:02:47] =========================================
[2025-11-11 15:02:47] ASSISTENTE DE MIGRAÇÃO GLOBO
[2025-11-11 15:02:47] Intune → Jamf Pro
[2025-11-11 15:02:47] =========================================
[2025-11-11 15:02:47] 
[2025-11-11 15:02:47] Passo 1/5: Validando estado do Mac...
[2025-11-11 15:02:47] =========================================
[2025-11-11 15:02:47] ASSISTENTE DE MIGRAÇÃO GLOBO
[2025-11-11 15:02:47] Intune → Jamf Pro
[2025-11-11 15:02:47] =========================================
[2025-11-11 15:02:47] 
[2025-11-11 15:02:47] Passo 1/5: Validando estado do Mac...
[2025-11-11 15:02:47] =========================================
[2025-11-11 15:02:47] ASSISTENTE DE MIGRAÇÃO GLOBO
[2025-11-11 15:02:47] Intune → Jamf Pro
[2025-11-11 15:02:47] =========================================
[2025-11-11 15:02:47] 
[2025-11-11 15:02:47] Passo 1/5: Validando estado do Mac...
[2025-11-11 15:02:47] =========================================
[2025-11-11 15:02:47] ASSISTENTE DE MIGRAÇÃO GLOBO
[2025-11-11 15:02:47] Intune → Jamf Pro
[2025-11-11 15:02:47] =========================================
[2025-11-11 15:02:47] 
[2025-11-11 15:02:47] Passo 1/5: Validando estado do Mac...
[2025-11-11 15:02:47] ASSISTENTE DE MIGRAÇÃO GLOBO
[2025-11-11 15:02:47] Intune → Jamf Pro
[2025-11-11 15:02:47] =========================================
[2025-11-11 15:02:47] 
[2025-11-11 15:02:47] Passo 1/5: Validando estado do Mac...
[2025-11-11 15:02:47] =========================================
[2025-11-11 15:02:47] ASSISTENTE DE MIGRAÇÃO GLOBO
[2025-11-11 15:02:47] Intune → Jamf Pro
[2025-11-11 15:02:47] =========================================
[2025-11-11 15:02:47] 
[2025-11-11 15:02:47] Passo 1/5: Validando estado do Mac...
[2025-11-11 15:02:47] =========================================
[2025-11-11 15:02:47] ASSISTENTE DE MIGRAÇÃO GLOBO
[2025-11-11 15:02:47] Intune → Jamf Pro
[2025-11-11 15:02:47] =========================================
[2025-11-11 15:02:47] 
[2025-11-11 15:02:47] Passo 1/5: Validando estado do Mac...
[2025-11-11 15:02:47] =========================================
[2025-11-11 15:02:47] ASSISTENTE DE MIGRAÇÃO GLOBO
[2025-11-11 15:02:47] Intune → Jamf Pro
[2025-11-11 15:02:47] =========================================
[2025-11-11 15:02:47] 
[2025-11-11 15:02:47] Passo 1/5: Validando estado do Mac...
[2025-11-11 15:02:47] =========================================
[2025-11-11 15:02:47] ASSISTENTE DE MIGRAÇÃO GLOBO
[2025-11-11 15:02:47] Intune → Jamf Pro
[2025-11-11 15:02:47] =========================================
[2025-11-11 15:02:47] 
[2025-11-11 15:02:47] Passo 1/5: Validando estado do Mac...
[2025-11-11 15:02:47] =========================================
[2025-11-11 15:02:47] ASSISTENTE DE MIGRAÇÃO GLOBO
[2025-11-11 15:02:47] Intune → Jamf Pro
[2025-11-11 15:02:47] =========================================
[2025-11-11 15:02:47] 
[2025-11-11 15:02:47] Passo 1/5: Validando estado do Mac...
[2025-11-11 15:02:47] =========================================
[2025-11-11 15:02:47] ASSISTENTE DE MIGRAÇÃO GLOBO
[2025-11-11 15:02:47] Intune → Jamf Pro
[2025-11-11 15:02:47] =========================================
[2025-11-11 15:02:47] 
[2025-11-11 15:02:47] Passo 1/5: Validando estado do Mac...
[2025-11-11 15:02:47] =========================================
[2025-11-11 15:02:47] ASSISTENTE DE MIGRAÇÃO GLOBO
[2025-11-11 15:02:47] Intune → Jamf Pro
[2025-11-11 15:02:47] =========================================
[2025-11-11 15:02:47] 
[2025-11-11 15:02:47] Passo 1/5: Validando estado do Mac...
[2025-11-11 15:02:47] =========================================
[2025-11-11 15:02:47] ASSISTENTE DE MIGRAÇÃO GLOBO
[2025-11-11 15:02:47] Intune → Jamf Pro
[2025-11-11 15:02:47] =========================================
[2025-11-11 15:02:47] 
[2025-11-11 15:02:47] Passo 1/5: Validando estado do Mac...
[2025-11-11 15:02:47] =========================================
[2025-11-11 15:02:47] ASSISTENTE DE MIGRAÇÃO GLOBO
[2025-11-11 15:02:47] Intune → Jamf Pro
[2025-11-11 15:02:47] =========================================
[2025-11-11 15:02:47] 
[2025-11-11 15:02:47] Passo 1/5: Validando estado do Mac...
[2025-11-11 15:02:47] =========================================
[2025-11-11 15:02:47] ASSISTENTE DE MIGRAÇÃO GLOBO
[2025-11-11 15:02:47] Intune → Jamf Pro
[2025-11-11 15:02:47] =========================================
[2025-11-11 15:02:47] 
[2025-11-11 15:02:47] Passo 1/5: Validando estado do Mac...
[2025-11-11 15:02:47] =========================================
[2025-11-11 15:02:47] ASSISTENTE DE MIGRAÇÃO GLOBO
[2025-11-11 15:02:47] Intune → Jamf Pro
[2025-11-11 15:02:47] =========================================
[2025-11-11 15:02:47] 
[2025-11-11 15:02:47] Passo 1/5: Validando estado do Mac...
[2025-11-11 15:02:47] =========================================
[2025-11-11 15:02:47] ASSISTENTE DE MIGRAÇÃO GLOBO
[2025-11-11 15:02:47] Intune → Jamf Pro
[2025-11-11 15:02:47] =========================================
[2025-11-11 15:02:47] 
[2025-11-11 15:02:47] Passo 1/5: Validando estado do Mac...
[2025-11-11 15:02:47] =========================================
[2025-11-11 15:02:47] ASSISTENTE DE MIGRAÇÃO GLOBO
[2025-11-11 15:02:47] Intune → Jamf Pro
[2025-11-11 15:02:47] =========================================
[2025-11-11 15:02:47] 
[2025-11-11 15:02:47] Passo 1/5: Validando estado do Mac...
[2025-11-11 15:02:47] =========================================
[2025-11-11 15:02:47] ASSISTENTE DE MIGRAÇÃO GLOBO
[2025-11-11 15:02:47] Intune → Jamf Pro
[2025-11-11 15:02:47] =========================================
[2025-11-11 15:02:47] 
[2025-11-11 15:02:47] Passo 1/5: Validando estado do Mac...
[2025-11-11 15:02:47] =========================================
[2025-11-11 15:02:47] ASSISTENTE DE MIGRAÇÃO GLOBO
[2025-11-11 15:02:47] Intune → Jamf Pro
[2025-11-11 15:02:47] =========================================
[2025-11-11 15:02:47] 
[2025-11-11 15:02:47] Passo 1/5: Validando estado do Mac...
[2025-11-11 15:02:47] =========================================
[2025-11-11 15:02:47] ASSISTENTE DE MIGRAÇÃO GLOBO
[2025-11-11 15:02:47] Intune → Jamf Pro
[2025-11-11 15:02:47] =========================================
[2025-11-11 15:02:47] 
[2025-11-11 15:02:47] Passo 1/5: Validando estado do Mac...
[2025-11-11 15:02:47] =========================================
[2025-11-11 15:02:47] ASSISTENTE DE MIGRAÇÃO GLOBO
[2025-11-11 15:02:47] Intune → Jamf Pro
[2025-11-11 15:02:47] =========================================
[2025-11-11 15:02:47] 
[2025-11-11 15:02:47] Passo 1/5: Validando estado do Mac...
[2025-11-11 15:02:47] =========================================
[2025-11-11 15:02:47] ASSISTENTE DE MIGRAÇÃO GLOBO
[2025-11-11 15:02:47] Intune → Jamf Pro
[2025-11-11 15:02:47] =========================================
[2025-11-11 15:02:48] 
[2025-11-11 15:02:48] Passo 1/5: Validando estado do Mac...
[2025-11-11 15:02:48] =========================================
[2025-11-11 15:02:48] ASSISTENTE DE MIGRAÇÃO GLOBO
[2025-11-11 15:02:48] Intune → Jamf Pro
[2025-11-11 15:02:48] =========================================
[2025-11-11 15:02:48] 
[2025-11-11 15:02:48] Passo 1/5: Validando estado do Mac...
[2025-11-11 15:02:48] =========================================
[2025-11-11 15:02:48] ASSISTENTE DE MIGRAÇÃO GLOBO
[2025-11-11 15:02:48] Intune → Jamf Pro
[2025-11-11 15:02:48] =========================================
[2025-11-11 15:02:48] 
[2025-11-11 15:02:48] Passo 1/5: Validando estado do Mac...
[2025-11-11 15:02:48] =========================================
[2025-11-11 15:02:48] ASSISTENTE DE MIGRAÇÃO GLOBO
[2025-11-11 15:02:48] Intune → Jamf Pro
[2025-11-11 15:02:48] =========================================
[2025-11-11 15:02:48] 
[2025-11-11 15:02:48] Passo 1/5: Validando estado do Mac...
[2025-11-11 15:02:48] =========================================
[2025-11-11 15:02:48] ASSISTENTE DE MIGRAÇÃO GLOBO
[2025-11-11 15:02:48] Intune → Jamf Pro
[2025-11-11 15:02:48] =========================================
[2025-11-11 15:02:48] 
[2025-11-11 15:02:48] Passo 1/5: Validando estado do Mac...
[2025-11-11 15:02:48] =========================================
[2025-11-11 15:02:48] ASSISTENTE DE MIGRAÇÃO GLOBO
[2025-11-11 15:02:48] Intune → Jamf Pro
[2025-11-11 15:02:48] =========================================
[2025-11-11 15:02:48] 
[2025-11-11 15:02:48] Passo 1/5: Validando estado do Mac...
[2025-11-11 15:02:48] =========================================
[2025-11-11 15:02:48] ASSISTENTE DE MIGRAÇÃO GLOBO
[2025-11-11 15:02:48] Intune → Jamf Pro
[2025-11-11 15:02:48] =========================================
[2025-11-11 15:02:48] 
[2025-11-11 15:02:48] Passo 1/5: Validando estado do Mac...
[2025-11-11 15:02:48] =========================================
[2025-11-11 15:02:48] ASSISTENTE DE MIGRAÇÃO GLOBO
[2025-11-11 15:02:48] Intune → Jamf Pro
[2025-11-11 15:02:48] =========================================
[2025-11-11 15:02:48] 
[2025-11-11 15:02:48] Passo 1/5: Validando estado do Mac...
[2025-11-11 15:02:48] =========================================
[2025-11-11 15:02:48] ASSISTENTE DE MIGRAÇÃO GLOBO
[2025-11-11 15:02:48] Intune → Jamf Pro
[2025-11-11 15:02:48] =========================================
[2025-11-11 15:02:48] 
[2025-11-11 15:02:48] Passo 1/5: Validando estado do Mac...
[2025-11-11 15:02:48] =========================================
[2025-11-11 15:02:48] ASSISTENTE DE MIGRAÇÃO GLOBO
[2025-11-11 15:02:48] Intune → Jamf Pro
[2025-11-11 15:02:48] =========================================
[2025-11-11 15:02:48] 
[2025-11-11 15:02:48] Passo 1/5: Validando estado do Mac...
[2025-11-11 15:02:48] =========================================
[2025-11-11 15:02:48] ASSISTENTE DE MIGRAÇÃO GLOBO
[2025-11-11 15:02:48] Intune → Jamf Pro
[2025-11-11 15:02:48] =========================================
[2025-11-11 15:02:48] 
[2025-11-11 15:02:48] Passo 1/5: Validando estado do Mac...
[2025-11-11 15:02:48] =========================================
[2025-11-11 15:02:48] ASSISTENTE DE MIGRAÇÃO GLOBO
[2025-11-11 15:02:48] Intune → Jamf Pro
[2025-11-11 15:02:48] =========================================
[2025-11-11 15:02:48] 
[2025-11-11 15:02:48] Passo 1/5: Validando estado do Mac...
[2025-11-11 15:02:48] =========================================
[2025-11-11 15:02:48] ASSISTENTE DE MIGRAÇÃO GLOBO
[2025-11-11 15:02:48] Intune → Jamf Pro
[2025-11-11 15:02:48] =========================================
[2025-11-11 15:02:48] 
[2025-11-11 15:02:48] Passo 1/5: Validando estado do Mac...
[2025-11-11 15:02:48] =========================================
[2025-11-11 15:02:48] ASSISTENTE DE MIGRAÇÃO GLOBO
[2025-11-11 15:02:48] Intune → Jamf Pro
[2025-11-11 15:02:48] =========================================
[2025-11-11 15:02:48] 
[2025-11-11 15:02:48] Passo 1/5: Validando estado do Mac...
[2025-11-11 15:02:48] =========================================
[2025-11-11 15:02:48] ASSISTENTE DE MIGRAÇÃO GLOBO
[2025-11-11 15:02:48] Intune → Jamf Pro
[2025-11-11 15:02:48] =========================================
[2025-11-11 15:02:48] 
[2025-11-11 15:02:48] Passo 1/5: Validando estado do Mac...
[2025-11-11 15:02:48] =========================================
[2025-11-11 15:02:48] ASSISTENTE DE MIGRAÇÃO GLOBO
[2025-11-11 15:02:48] Intune → Jamf Pro
[2025-11-11 15:02:48] =========================================
[2025-11-11 15:02:48] 
[2025-11-11 15:02:48] Passo 1/5: Validando estado do Mac...
[2025-11-11 15:02:48] =========================================
[2025-11-11 15:02:48] ASSISTENTE DE MIGRAÇÃO GLOBO
[2025-11-11 15:02:48] Intune → Jamf Pro
[2025-11-11 15:02:48] =========================================
[2025-11-11 15:02:48] 
[2025-11-11 15:02:48] Passo 1/5: Validando estado do Mac...
[2025-11-11 15:02:48] =========================================
[2025-11-11 15:02:48] ASSISTENTE DE MIGRAÇÃO GLOBO
[2025-11-11 15:02:48] Intune → Jamf Pro
[2025-11-11 15:02:48] =========================================
[2025-11-11 15:02:48] 
[2025-11-11 15:02:48] Passo 1/5: Validando estado do Mac...
[2025-11-11 15:02:48] =========================================
[2025-11-11 15:02:48] ASSISTENTE DE MIGRAÇÃO GLOBO
[2025-11-11 15:02:48] Intune → Jamf Pro
[2025-11-11 15:02:48] =========================================
[2025-11-11 15:02:48] 
[2025-11-11 15:02:48] Passo 1/5: Validando estado do Mac...
[2025-11-11 15:02:48] =========================================
[2025-11-11 15:02:48] ASSISTENTE DE MIGRAÇÃO GLOBO
[2025-11-11 15:02:48] Intune → Jamf Pro
[2025-11-11 15:02:48] =========================================
[2025-11-11 15:02:48] 
[2025-11-11 15:02:48] Passo 1/5: Validando estado do Mac...
[2025-11-11 15:02:48] =========================================
[2025-11-11 15:02:48] ASSISTENTE DE MIGRAÇÃO GLOBO
[2025-11-11 15:02:48] Intune → Jamf Pro
[2025-11-11 15:02:48] =========================================
[2025-11-11 15:02:48] 
[2025-11-11 15:02:48] Passo 1/5: Validando estado do Mac...
[2025-11-11 15:02:48] =========================================
[2025-11-11 15:02:48] ASSISTENTE DE MIGRAÇÃO GLOBO
[2025-11-11 15:02:48] Intune → Jamf Pro
[2025-11-11 15:02:48] =========================================
[2025-11-11 15:02:48] 
[2025-11-11 15:02:48] Passo 1/5: Validando estado do Mac...
[2025-11-11 15:02:48] =========================================
[2025-11-11 15:02:48] ASSISTENTE DE MIGRAÇÃO GLOBO
[2025-11-11 15:02:48] Intune → Jamf Pro
[2025-11-11 15:02:48] =========================================
[2025-11-11 15:02:48] 
[2025-11-11 15:02:48] Passo 1/5: Validando estado do Mac...
[2025-11-11 15:02:48] =========================================
[2025-11-11 15:02:48] ASSISTENTE DE MIGRAÇÃO GLOBO
[2025-11-11 15:02:48] Intune → Jamf Pro
[2025-11-11 15:02:48] =========================================
[2025-11-11 15:02:48] 
[2025-11-11 15:02:48] Passo 1/5: Validando estado do Mac...
[2025-11-11 15:02:48] =========================================
[2025-11-11 15:02:48] ASSISTENTE DE MIGRAÇÃO GLOBO
[2025-11-11 15:02:48] Intune → Jamf Pro
[2025-11-11 15:02:48] =========================================
[2025-11-11 15:02:48] 
[2025-11-11 15:02:48] Passo 1/5: Validando estado do Mac...
[2025-11-11 15:02:48] =========================================
[2025-11-11 15:02:48] ASSISTENTE DE MIGRAÇÃO GLOBO
[2025-11-11 15:02:48] Intune → Jamf Pro
[2025-11-11 15:02:48] =========================================
[2025-11-11 15:02:48] 
[2025-11-11 15:02:48] Passo 1/5: Validando estado do Mac...
[2025-11-11 15:02:48] =========================================
[2025-11-11 15:02:48] ASSISTENTE DE MIGRAÇÃO GLOBO
[2025-11-11 15:02:48] Intune → Jamf Pro
[2025-11-11 15:02:48] =========================================
[2025-11-11 15:02:48] 
[2025-11-11 15:02:48] Passo 1/5: Validando estado do Mac...
[2025-11-11 15:02:48] =========================================
[2025-11-11 15:02:48] ASSISTENTE DE MIGRAÇÃO GLOBO
[2025-11-11 15:02:48] Intune → Jamf Pro
[2025-11-11 15:02:48] =========================================
[2025-11-11 15:02:48] 
[2025-11-11 15:02:48] Passo 1/5: Validando estado do Mac...
[2025-11-11 15:02:48] =========================================
[2025-11-11 15:02:48] ASSISTENTE DE MIGRAÇÃO GLOBO
[2025-11-11 15:02:48] Intune → Jamf Pro
[2025-11-11 15:02:48] =========================================
[2025-11-11 15:02:48] 
[2025-11-11 15:02:48] Passo 1/5: Validando estado do Mac...
[2025-11-11 15:02:48] =========================================
[2025-11-11 15:02:48] ASSISTENTE DE MIGRAÇÃO GLOBO
[2025-11-11 15:02:48] Intune → Jamf Pro
[2025-11-11 15:02:48] =========================================
[2025-11-11 15:02:48] 
[2025-11-11 15:02:48] Passo 1/5: Validando estado do Mac...
[2025-11-11 15:02:48] =========================================
[2025-11-11 15:02:48] ASSISTENTE DE MIGRAÇÃO GLOBO
[2025-11-11 15:02:48] Intune → Jamf Pro
[2025-11-11 15:02:49] =========================================
[2025-11-11 15:02:49] 
[2025-11-11 15:02:49] Passo 1/5: Validando estado do Mac...
[2025-11-11 15:02:49] =========================================
[2025-11-11 15:02:49] ASSISTENTE DE MIGRAÇÃO GLOBO
[2025-11-11 15:02:49] Intune → Jamf Pro
[2025-11-11 15:02:49] =========================================
[2025-11-11 15:02:49] 
[2025-11-11 15:02:49] Passo 1/5: Validando estado do Mac...
[2025-11-11 15:02:49] =========================================
[2025-11-11 15:02:49] ASSISTENTE DE MIGRAÇÃO GLOBO
[2025-11-11 15:02:49] Intune → Jamf Pro
[2025-11-11 15:02:49] =========================================
[2025-11-11 15:02:49] 
[2025-11-11 15:02:49] Passo 1/5: Validando estado do Mac...
[2025-11-11 15:02:49] =========================================
[2025-11-11 15:02:49] ASSISTENTE DE MIGRAÇÃO GLOBO
[2025-11-11 15:02:49] Intune → Jamf Pro
[2025-11-11 15:02:49] =========================================
[2025-11-11 15:02:49] 
[2025-11-11 15:02:49] Passo 1/5: Validando estado do Mac...
[2025-11-11 15:02:49] =========================================
[2025-11-11 15:02:49] ASSISTENTE DE MIGRAÇÃO GLOBO
[2025-11-11 15:02:49] Intune → Jamf Pro
[2025-11-11 15:02:49] =========================================
[2025-11-11 15:02:49] 
[2025-11-11 15:02:49] Passo 1/5: Validando estado do Mac...
[2025-11-11 15:02:49] =========================================
[2025-11-11 15:02:49] ASSISTENTE DE MIGRAÇÃO GLOBO
[2025-11-11 15:02:49] Intune → Jamf Pro
[2025-11-11 15:02:49] =========================================
[2025-11-11 15:02:49] 
[2025-11-11 15:02:49] Passo 1/5: Validando estado do Mac...
[2025-11-11 15:02:49] =========================================
[2025-11-11 15:02:49] ASSISTENTE DE MIGRAÇÃO GLOBO
[2025-11-11 15:02:49] Intune → Jamf Pro
[2025-11-11 15:02:49] =========================================
[2025-11-11 15:02:49] 
[2025-11-11 15:02:49] =========================================
[2025-11-11 15:02:49] ASSISTENTE DE MIGRAÇÃO GLOBO
[2025-11-11 15:02:49] Intune → Jamf Pro
[2025-11-11 15:02:49] =========================================
[2025-11-11 15:02:49] 
[2025-11-11 15:02:49] Passo 1/5: Validando estado do Mac...
[2025-11-11 15:02:49] =========================================
[2025-11-11 15:02:49] ASSISTENTE DE MIGRAÇÃO GLOBO
[2025-11-11 15:02:49] Intune → Jamf Pro
[2025-11-11 15:02:49] =========================================
[2025-11-11 15:02:49] 
[2025-11-11 15:02:49] Passo 1/5: Validando estado do Mac...
[2025-11-11 15:02:49] =========================================
[2025-11-11 15:02:49] ASSISTENTE DE MIGRAÇÃO GLOBO
[2025-11-11 15:02:49] Intune → Jamf Pro
[2025-11-11 15:02:49] =========================================
[2025-11-11 15:02:49] 
[2025-11-11 15:02:49] Passo 1/5: Validando estado do Mac...
[2025-11-11 15:02:49] =========================================
[2025-11-11 15:02:49] ASSISTENTE DE MIGRAÇÃO GLOBO
[2025-11-11 15:02:49] Intune → Jamf Pro
[2025-11-11 15:02:49] =========================================
[2025-11-11 15:02:49] 
[2025-11-11 15:02:49] Passo 1/5: Validando estado do Mac...
[2025-11-11 15:02:49] =========================================
[2025-11-11 15:02:49] ASSISTENTE DE MIGRAÇÃO GLOBO
[2025-11-11 15:02:49] Intune → Jamf Pro
[2025-11-11 15:05:38] =========================================
[2025-11-11 15:05:38] INICIANDO MIGRAÇÃO INTUNE → JAMF
[2025-11-11 15:05:38] =========================================
[2025-11-11 15:05:38] Passo 1/5: Validando ambiente...
[2025-11-11 15:05:38] =========================================
[2025-11-11 15:05:38] VALIDAÇÃO DE ESTADO DO MAC
[2025-11-11 15:05:38] =========================================
[2025-11-11 15:05:38] 1. Verificando permissões...
[2025-11-11 15:05:38] ✓ Script executando como root
[2025-11-11 15:05:38] 2. Verificando versão do macOS...
[2025-11-11 15:05:38]    Versão do macOS: 14.8.1
[2025-11-11 15:05:38] ✓ Versão do macOS compatível
[2025-11-11 15:05:38] 3. Verificando enrollment MDM...
[2025-11-11 15:05:38]    MDM Enrollment: Sim
[2025-11-11 15:05:38]    Servidor MDM: https://globo.jamfcloud.com/mdm/ServerURL
[2025-11-11 15:05:38] ✓ Detectado: Jamf Pro
[2025-11-11 15:05:38]    User Approved: Sim
[2025-11-11 15:05:38] 4. Verificando conectividade de rede...
[2025-11-11 15:05:38] ✓ Conectividade de rede OK
[2025-11-11 15:05:38] 5. Verificando espaço em disco...
[2025-11-11 15:05:38]    Espaço disponível: 348GB
[2025-11-11 15:05:38] ✓ Espaço em disco suficiente
[2025-11-11 15:05:38] 6. Verificando usuários logados...
[2025-11-11 15:05:38]    Usuário logado: deivid.santos
[2025-11-11 15:05:38] ⚠ AVISO: Usuário está logado. Recomenda-se executar com usuário deslogado
[2025-11-11 15:05:38] 7. Verificando status do FileVault...
[2025-11-11 15:05:38]    FileVault is On.
[2025-11-11 15:05:38] ✓ FileVault está ativo
[2025-11-11 15:05:38] 8. Verificando SIP...
[2025-11-11 15:05:38]    System Integrity Protection status: enabled.
[2025-11-11 15:05:38] ✓ SIP está habilitado (recomendado)
[2025-11-11 15:05:38] 9. Criando arquivo de estado...
[2025-11-11 15:05:38] ✓ Arquivo de estado criado: /Library/Application Support/Assistente-de-Migracao-Globo/migration_state.json
[2025-11-11 15:05:38] =========================================
[2025-11-11 15:05:38] ✓ VALIDAÇÃO CONCLUÍDA COM SUCESSO
[2025-11-11 15:05:38]   Mac já está enrollado no Jamf Pro
[2025-11-11 15:05:38]   Servidor: https://globo.jamfcloud.com/mdm/ServerURL
[2025-11-11 15:05:38]   Nenhuma ação necessária
[2025-11-11 15:05:38] =========================================
[2025-11-11 15:05:38] Passo 2/5: Instalando dependências...
[2025-11-11 15:05:38] =========================================
[2025-11-11 15:05:39] Instalando dependências
[2025-11-11 15:05:39] =========================================
[2025-11-11 15:05:39] ✗ Falha ao instalar dependências
[2025-11-11 15:08:55] =========================================
[2025-11-11 15:08:55] INICIANDO MIGRAÇÃO INTUNE → JAMF
[2025-11-11 15:08:55] =========================================
[2025-11-11 15:08:55] Passo 1/5: Validando ambiente...
[2025-11-11 15:08:55] =========================================
[2025-11-11 15:08:55] VALIDAÇÃO DE ESTADO DO MAC
[2025-11-11 15:08:55] =========================================
[2025-11-11 15:08:55] 1. Verificando permissões...
[2025-11-11 15:08:55] ✓ Script executando como root
[2025-11-11 15:08:55] 2. Verificando versão do macOS...
[2025-11-11 15:08:55]    Versão do macOS: 14.8.1
[2025-11-11 15:08:55] ✓ Versão do macOS compatível
[2025-11-11 15:08:55] 3. Verificando enrollment MDM...
[2025-11-11 15:08:56]    MDM Enrollment: Sim
[2025-11-11 15:08:56]    Servidor MDM: https://globo.jamfcloud.com/mdm/ServerURL
[2025-11-11 15:08:56] ✓ Detectado: Jamf Pro
[2025-11-11 15:08:56]    User Approved: Sim
[2025-11-11 15:08:56] 4. Criando arquivo de estado...
[2025-11-11 15:08:56] ✓ Arquivo de estado criado: /Library/Application Support/Assistente-de-Migracao-Globo/migration_state.json
[2025-11-11 15:08:56] =========================================
[2025-11-11 15:08:56] ✓ VALIDAÇÃO CONCLUÍDA COM SUCESSO
[2025-11-11 15:08:56]   Mac já está enrollado no Jamf Pro
[2025-11-11 15:08:56]   Servidor: https://globo.jamfcloud.com/mdm/ServerURL
[2025-11-11 15:08:56]   Nenhuma ação necessária
[2025-11-11 15:08:56] =========================================
[2025-11-11 15:08:56] Passo 2/5: Instalando dependências...
[2025-11-11 15:08:56] =========================================
[2025-11-11 15:08:56] Instalando dependências
[2025-11-11 15:08:56] =========================================
[2025-11-11 15:08:56] ✗ Falha ao instalar dependências
[2025-11-11 15:12:46] =========================================
[2025-11-11 15:12:46] ASSISTENTE DE MIGRAÇÃO GLOBO
[2025-11-11 15:12:46] Intune → Jamf Pro
[2025-11-11 15:12:46] =========================================
[2025-11-11 15:12:46] 
[2025-11-11 15:12:46] Passo 1/5: Validando estado do Mac...
[2025-11-11 15:12:46] =========================================
[2025-11-11 15:12:46] VALIDAÇÃO DE ESTADO DO MAC
[2025-11-11 15:12:46] =========================================
[2025-11-11 15:12:46] 1. Verificando permissões...
[2025-11-11 15:12:46] ✓ Script executando como root
[2025-11-11 15:12:46] 2. Verificando versão do macOS...
[2025-11-11 15:12:46]    Versão do macOS: 14.8.1
[2025-11-11 15:12:46] ✓ Versão do macOS compatível
[2025-11-11 15:12:46] 3. Verificando enrollment MDM...
[2025-11-11 15:12:46]    MDM Enrollment: Sim
[2025-11-11 15:12:46]    Servidor MDM: https://globo.jamfcloud.com/mdm/ServerURL
[2025-11-11 15:12:46] ✓ Detectado: Jamf Pro
[2025-11-11 15:12:46]    User Approved: Sim
[2025-11-11 15:12:47] 4. Criando arquivo de estado...
[2025-11-11 15:12:47] ✓ Arquivo de estado criado: /Library/Application Support/Assistente-de-Migracao-Globo/migration_state.json
[2025-11-11 15:12:47] =========================================
[2025-11-11 15:12:47] ✓ VALIDAÇÃO CONCLUÍDA COM SUCESSO
[2025-11-11 15:12:47]   Mac já está enrollado no Jamf Pro
[2025-11-11 15:12:47]   Servidor: https://globo.jamfcloud.com/mdm/ServerURL
[2025-11-11 15:12:47]   Nenhuma ação necessária
[2025-11-11 15:12:47] =========================================
[2025-11-11 15:12:47] 
[2025-11-11 15:12:47] =========================================
[2025-11-11 15:12:47] ✓ PROCESSO CONCLUÍDO
[2025-11-11 15:12:47] Mac já está configurado corretamente no Jamf
[2025-11-11 15:12:47] =========================================
